2025-12-31 13:55:10.599 [INFO      ] [ENGINE      ] Starting enhanced trading system...
2025-12-31 13:55:10.613 [INFO      ] [ENGINE      ] Symbol info for XAUUSD:
2025-12-31 13:55:10.614 [INFO      ] [ENGINE      ]   Volume min: 0.01
2025-12-31 13:55:10.615 [INFO      ] [ENGINE      ]   Volume max: 100.0
2025-12-31 13:55:10.616 [INFO      ] [ENGINE      ]   Volume step: 0.01
2025-12-31 13:55:10.617 [INFO      ] [ENGINE      ]   Trade contract size: 100.0
2025-12-31 13:55:12.619 [INFO      ] [ENSEMBLE    ] Enhanced Ensemble initialized with regime-aware weighting
2025-12-31 13:55:12.635 [SUCCESS   ] [ENGINE      ] Restored engine state from cache (0 positions)
2025-12-31 13:55:12.637 [INFO      ] [ENGINE      ] Enhanced Trading Engine initialized with all improvements
2025-12-31 13:55:12.638 [INFO      ] [ENGINE      ] Starting enhanced trading system with all improvements...
2025-12-31 13:55:12.640 [INFO      ] [ENGINE      ] Initializing MT5...
2025-12-31 13:55:12.653 [SUCCESS   ] [ENGINE      ] ✓ Connected | Account: 5044241746 | Balance: $494.96 | Equity: $494.96
2025-12-31 13:55:12.665 [ANALYSIS  ] [ENGINE      ] Performing initial market analysis...
2025-12-31 13:55:12.693 [SUCCESS   ] [ENGINE      ] Initial market analysis complete
2025-12-31 13:55:12.694 [ANALYSIS  ] [ENGINE      ] 📈 MARKET INSIGHTS:
2025-12-31 13:55:12.695 [ANALYSIS  ] [ENGINE      ]   • Market is in random_walk regime (confidence: 100%)
2025-12-31 13:55:12.696 [INFO      ] [ENGINE      ] Loading deep history (12000 bars) for initial training...
2025-12-31 13:55:12.698 [DATA      ] [ENGINE      ] Retrieved 12000 bars from MT5
2025-12-31 13:55:12.699 [LEARN     ] [ENSEMBLE    ] Initializing Walk-Forward Optimization (Window: 2500, Folds: 5)...
2025-12-31 13:55:12.716 [LEARN     ] [ENSEMBLE    ] Starting enhanced training on 12000 samples...
2025-12-31 13:56:28.883 [INFO      ] [FEATURE_ENGINE] Dynamic barrier labeling applied (ATR-based)
2025-12-31 13:56:28.923 [LEARN     ] [ENSEMBLE    ] Executing WFO (5 folds)...
2025-12-31 13:56:38.311 [LEARN     ] [ENSEMBLE    ]   Fold 1: Acc=49.10%
2025-12-31 13:56:48.351 [LEARN     ] [ENSEMBLE    ]   Fold 2: Acc=50.00%
2025-12-31 13:56:55.037 [LEARN     ] [ENSEMBLE    ]   Fold 3: Acc=53.75%
2025-12-31 13:57:01.642 [LEARN     ] [ENSEMBLE    ]   Fold 4: Acc=50.15%
2025-12-31 13:57:08.302 [LEARN     ] [ENSEMBLE    ]   Fold 5: Acc=50.00%
2025-12-31 13:57:08.341 [LEARN     ] [ENSEMBLE    ] Fitting final model on last 5000 bars...
2025-12-31 13:57:21.051 [SUCCESS   ] [ENSEMBLE    ] ✅ Training Complete | WFO Accuracy: 50.60%
2025-12-31 13:57:21.053 [SUCCESS   ] [ENGINE      ] ✅ Initial model training successful
2025-12-31 13:57:21.054 [INFO      ] [ENGINE      ]    CV Score: 50.60%
2025-12-31 13:57:21.054 [INFO      ] [ENGINE      ] ======================================================================
2025-12-31 13:57:21.055 [TRADE     ] [ENGINE      ] STARTING ENHANCED LIVE TRADING
2025-12-31 13:57:21.056 [INFO      ] [ENGINE      ] Dynamic Barriers: ENABLED
2025-12-31 13:57:21.057 [INFO      ] [ENGINE      ] Entry Confirmation: DISABLED
2025-12-31 13:57:21.057 [INFO      ] [ENGINE      ] Parameter Optimization: ENABLED
2025-12-31 13:57:21.058 [INFO      ] [ENGINE      ] ======================================================================
2025-12-31 13:57:21.060 [RISK      ] [ENGINE      ] Daily Start Equity set to: $494.96
2025-12-31 13:57:23.845 [DATA      ] [ENGINE      ] Refresh: Recalculated technical features for XAUUSD
2025-12-31 13:57:23.852 [INFO      ] [MULTI_TF    ] Dynamic TF Weights: FAST (High Vol) | Weights: [0.4, 0.4, 0.15, 0.05]
2025-12-31 13:57:23.857 [ANALYSIS  ] [MULTI_TF    ] TF M1 Breakdown | Score: 1.40 | Trend: 1 (Str:0) | RSI: 51 | PricePos: 0.00
2025-12-31 13:57:23.861 [ANALYSIS  ] [MULTI_TF    ] TF M5 Breakdown | Score: 0.90 | Trend: 1 (Str:0) | RSI: 61 | PricePos: 0.54
2025-12-31 13:57:23.863 [ANALYSIS  ] [MULTI_TF    ] TF M15 Breakdown | Score: -1.10 | Trend: -1 (Str:1) | RSI: 48 | PricePos: 0.36
2025-12-31 13:57:23.866 [ANALYSIS  ] [MULTI_TF    ] TF M30 Breakdown | Score: -3.90 | Trend: -1 (Str:2) | RSI: 47 | PricePos: 0.33
2025-12-31 13:57:23.867 [ANALYSIS  ] [MULTI_TF    ] Multi-TF Analysis | Signal: HOLD | Alignment: 17% | Confidence: 28% | TF Signals: {'M1': 1, 'M5': 0.5, 'M15': 0, 'M30': 0}
2025-12-31 13:57:23.868 [ANALYSIS  ] [MULTI_TF    ] Multi-TF: HOLD | Align: 17% | Conf: 28% | Trend Filter: FAIL
2025-12-31 13:57:23.869 [WARNING   ] [MULTI_TF    ] Trade blocked by H1 trend filter
2025-12-31 13:57:24.085 [ERROR     ] [ENSEMBLE    ] Prediction error: name 'volatility' is not defined
2025-12-31 13:58:56.836 [DATA      ] [ENGINE      ] Refresh: Recalculated technical features for XAUUSD
2025-12-31 13:58:56.842 [INFO      ] [MULTI_TF    ] Dynamic TF Weights: FAST (High Vol) | Weights: [0.4, 0.4, 0.15, 0.05]
2025-12-31 13:58:56.845 [ANALYSIS  ] [MULTI_TF    ] TF M1 Breakdown | Score: 1.40 | Trend: 1 (Str:0) | RSI: 50 | PricePos: 0.00
2025-12-31 13:58:56.848 [ANALYSIS  ] [MULTI_TF    ] TF M5 Breakdown | Score: 0.90 | Trend: 1 (Str:0) | RSI: 62 | PricePos: 0.59
2025-12-31 13:58:56.851 [ANALYSIS  ] [MULTI_TF    ] TF M15 Breakdown | Score: -1.10 | Trend: -1 (Str:1) | RSI: 48 | PricePos: 0.36
2025-12-31 13:58:56.854 [ANALYSIS  ] [MULTI_TF    ] TF M30 Breakdown | Score: -3.90 | Trend: -1 (Str:2) | RSI: 47 | PricePos: 0.33
2025-12-31 13:58:56.855 [ANALYSIS  ] [MULTI_TF    ] Multi-TF Analysis | Signal: HOLD | Alignment: 17% | Confidence: 28% | TF Signals: {'M1': 1, 'M5': 0.5, 'M15': 0, 'M30': 0}
2025-12-31 13:58:56.856 [ANALYSIS  ] [MULTI_TF    ] Multi-TF: HOLD | Align: 17% | Conf: 28% | Trend Filter: FAIL
2025-12-31 13:58:56.857 [WARNING   ] [MULTI_TF    ] Trade blocked by H1 trend filter
2025-12-31 13:58:57.079 [ERROR     ] [ENSEMBLE    ] Prediction error: name 'volatility' is not defined
2025-12-31 14:00:27.116 [ANALYSIS  ] [ENGINE      ] 🔄 Running periodic statistical analysis...
2025-12-31 14:00:27.132 [ANALYSIS  ] [ENGINE      ] Current Market Regime: random_walk (confidence: 100%)
2025-12-31 14:00:29.831 [DATA      ] [ENGINE      ] Refresh: Recalculated technical features for XAUUSD
2025-12-31 14:00:29.838 [INFO      ] [MULTI_TF    ] Dynamic TF Weights: FAST (High Vol) | Weights: [0.4, 0.4, 0.15, 0.05]
2025-12-31 14:00:29.842 [ANALYSIS  ] [MULTI_TF    ] TF M1 Breakdown | Score: -0.70 | Trend: -1 (Str:0) | RSI: 56 | PricePos: 0.34
2025-12-31 14:00:29.848 [ANALYSIS  ] [MULTI_TF    ] TF M30 Breakdown | Score: -2.60 | Trend: -1 (Str:2) | RSI: 48 | PricePos: 0.44
2025-12-31 14:00:29.849 [ANALYSIS  ] [MULTI_TF    ] Multi-TF Analysis | Signal: HOLD | Alignment: 0% | Confidence: 36% | TF Signals: {'M1': 0.5, 'M5': 0.5, 'M15': 0.5, 'M30': 0}
2025-12-31 14:00:29.850 [ANALYSIS  ] [MULTI_TF    ] Multi-TF: HOLD | Align: 0% | Conf: 36% | Trend Filter: PASS
2025-12-31 14:00:30.036 [ERROR     ] [ENSEMBLE    ] Prediction error: name 'volatility' is not defined
2025-12-31 14:02:02.655 [DATA      ] [ENGINE      ] Refresh: Recalculated technical features for XAUUSD
2025-12-31 14:02:02.663 [INFO      ] [MULTI_TF    ] Dynamic TF Weights: FAST (High Vol) | Weights: [0.4, 0.4, 0.15, 0.05]
2025-12-31 14:02:02.666 [ANALYSIS  ] [MULTI_TF    ] TF M1 Breakdown | Score: 0.70 | Trend: 1 (Str:0) | RSI: 57 | PricePos: 0.52
2025-12-31 14:02:02.672 [ANALYSIS  ] [MULTI_TF    ] TF M30 Breakdown | Score: -2.60 | Trend: -1 (Str:2) | RSI: 48 | PricePos: 0.44
2025-12-31 14:02:02.674 [ANALYSIS  ] [MULTI_TF    ] Multi-TF Analysis | Signal: HOLD | Alignment: 0% | Confidence: 36% | TF Signals: {'M1': 0.5, 'M5': 0.5, 'M15': 0.5, 'M30': 0}
2025-12-31 14:02:02.675 [ANALYSIS  ] [MULTI_TF    ] Multi-TF: HOLD | Align: 0% | Conf: 36% | Trend Filter: PASS
2025-12-31 14:02:02.871 [ERROR     ] [ENSEMBLE    ] Prediction error: name 'volatility' is not defined
2025-12-31 14:02:14.073 [WARNING   ] [ENGINE      ] 
Shutdown requested by user
2025-12-31 14:02:14.074 [INFO      ] [ENGINE      ] No trading performance data available
2025-12-31 14:02:14.075 [INFO      ] [ENGINE      ] Disconnected from MT5
